<?xml version="1.0" encoding="UTF-8"?>
<!-- Generated by org.testng.reporters.JUnitReportReporter -->
<testsuite hostname="Aleena" failures="0" tests="4" name="Automation.RestAssured.ComplexJson" time="1.248" errors="0" timestamp="2026-06-15T19:18:36 IST" skipped="0">
  <testcase classname="Automation.RestAssured.ComplexJson" name="noOfCourses" time="0.132"/>
  <testcase classname="Automation.RestAssured.ComplexJson" name="sumOfAllCourses" time="0.077"/>
  <testcase classname="Automation.RestAssured.ComplexJson" name="purchaseAmount" time="0.038"/>
  <testcase classname="Automation.RestAssured.ComplexJson" name="firstCourse" time="1.001"/>
</testsuite> <!-- Automation.RestAssured.ComplexJson -->
