<?xml version="1.0" encoding="UTF-8"?>
<!-- Generated by org.testng.reporters.JUnitReportReporter -->
<testsuite hostname="Aleena" failures="0" tests="3" name="Automation.RestAssured.LibraryApi" time="2.653" errors="0" timestamp="2026-06-17T18:28:19 IST" skipped="0">
  <testcase classname="Automation.RestAssured.LibraryApi" name="addBook" time="0.140"/>
  <testcase classname="Automation.RestAssured.LibraryApi" name="addBook" time="2.385"/>
  <testcase classname="Automation.RestAssured.LibraryApi" name="addBook" time="0.128"/>
</testsuite> <!-- Automation.RestAssured.LibraryApi -->
