<?xml version="1.0" encoding="UTF-8"?>
<!-- Generated by org.testng.reporters.JUnitXMLReporter -->
<testsuite ignored="0" hostname="Aleena" failures="0" tests="3" name="Default test" time="2.708" errors="0" timestamp="2026-06-17T18:28:19 IST">
  <testcase classname="Automation.RestAssured.LibraryApi" name="addBook" time="2.385"/>
  <testcase classname="Automation.RestAssured.LibraryApi" name="addBook" time="0.128"/>
  <testcase classname="Automation.RestAssured.LibraryApi" name="addBook" time="0.14"/>
</testsuite> <!-- Default test -->
