<?xml version="1.0" encoding="UTF-8"?>
<!-- Generated by org.testng.reporters.JUnitXMLReporter -->
<testsuite ignored="0" hostname="Aleena" failures="0" tests="4" name="Default test" time="1.303" errors="0" timestamp="2026-06-15T19:18:36 IST">
  <testcase classname="Automation.RestAssured.ComplexJson" name="firstCourse" time="1.001"/>
  <testcase classname="Automation.RestAssured.ComplexJson" name="noOfCourses" time="0.132"/>
  <testcase classname="Automation.RestAssured.ComplexJson" name="purchaseAmount" time="0.038"/>
  <testcase classname="Automation.RestAssured.ComplexJson" name="sumOfAllCourses" time="0.077"/>
</testsuite> <!-- Default test -->
